#
# There is insufficient memory for the Java Runtime Environment to continue.
# Native memory allocation (malloc) failed to allocate 1817776 bytes for Chunk::new
# Possible reasons:
#   The system is out of physical RAM or swap space
#   The process is running with CompressedOops enabled, and the Java Heap may be blocking the growth of the native heap
# Possible solutions:
#   Reduce memory load on the system
#   Increase physical memory or swap space
#   Check if swap backing store is full
#   Decrease Java heap size (-Xmx/-Xms)
#   Decrease number of Java threads
#   Decrease Java thread stack sizes (-Xss)
#   Set larger code cache with -XX:ReservedCodeCacheSize=
#   JVM is running with Unscaled Compressed Oops mode in which the Java heap is
#     placed in the first 4GB address space. The Java Heap base address is the
#     maximum limit for the native heap growth. Please use -XX:HeapBaseMinAddress
#     to set the Java Heap base and to place the Java Heap above 4GB virtual address.
# This output file may be truncated or incomplete.
#
#  Out of Memory Error (arena.cpp:189), pid=14880, tid=17420
#
# JRE version: OpenJDK Runtime Environment Temurin-17.0.2+8 (17.0.2+8) (build 17.0.2+8)
# Java VM: OpenJDK 64-Bit Server VM Temurin-17.0.2+8 (17.0.2+8, mixed mode, tiered, compressed oops, compressed class ptrs, parallel gc, windows-amd64)
# No core dump will be written. Minidumps are not enabled by default on client versions of Windows
#

---------------  S U M M A R Y ------------

Command Line: --add-modules=ALL-SYSTEM --add-opens=java.base/java.util=ALL-UNNAMED --add-opens=java.base/java.lang=ALL-UNNAMED --add-opens=java.base/sun.nio.fs=ALL-UNNAMED -Declipse.application=org.eclipse.jdt.ls.core.id1 -Dosgi.bundles.defaultStartLevel=4 -Declipse.product=org.eclipse.jdt.ls.core.product -Djava.import.generatesMetadataFilesAtProjectRoot=false -Dfile.encoding=utf8 -DwatchParentProcess=false -XX:+UseParallelGC -XX:GCTimeRatio=4 -XX:AdaptiveSizePolicyWeight=90 -Dsun.zip.disableMemoryMapping=true -Xmx1G -Xms100m -XX:+HeapDumpOnOutOfMemoryError -XX:HeapDumpPath=c:\Users\aluno.LABINFO\AppData\Roaming\Code\User\workspaceStorage\43cabb3298b37fecf175e87d7cf6c563\redhat.java c:\Users\aluno.LABINFO\.vscode\extensions\redhat.java-1.4.0\server\plugins\org.eclipse.equinox.launcher_1.6.400.v20210924-0641.jar -configuration c:\Users\aluno.LABINFO\AppData\Roaming\Code\User\globalStorage\redhat.java\1.4.0\config_win -data c:\Users\aluno.LABINFO\AppData\Roaming\Code\User\workspaceStorage\43cabb3298b37fecf175e87d7cf6c563\redhat.java\jdt_ws

Host: 11th Gen Intel(R) Core(TM) i5-1135G7 @ 2.40GHz, 8 cores, 7G,  Windows 10 , 64 bit Build 19041 (10.0.19041.3636)
Time: Thu Mar 28 20:54:26 2024 Hora oficial do Brasil elapsed time: 6.670164 seconds (0d 0h 0m 6s)

---------------  T H R E A D  ---------------

Current thread (0x000002ac17fc2dd0):  JavaThread "C2 CompilerThread1" daemon [_thread_in_native, id=17420, stack(0x000000c589b00000,0x000000c589c00000)]


Current CompileTask:
C2:   6670 5126 %     4       org.eclipse.jdt.internal.core.search.indexing.BinaryIndexer::extractReferenceFromConstantPool @ 147 (341 bytes)

Stack: [0x000000c589b00000,0x000000c589c00000]
Native frames: (J=compiled Java code, j=interpreted, Vv=VM code, C=native code)
V  [jvm.dll+0x67564a]
V  [jvm.dll+0x82fc04]
V  [jvm.dll+0x8313ae]
V  [jvm.dll+0x831a13]
V  [jvm.dll+0x245235]
V  [jvm.dll+0xabd7b]
V  [jvm.dll+0xac30c]
V  [jvm.dll+0x3631a2]
V  [jvm.dll+0x32d891]
V  [jvm.dll+0x32cd3a]
V  [jvm.dll+0x2180d1]
V  [jvm.dll+0x2174f1]
V  [jvm.dll+0x1a3a8d]
V  [jvm.dll+0x226ef8]
V  [jvm.dll+0x22503c]
V  [jvm.dll+0x7e596b]
V  [jvm.dll+0x7dff2a]
V  [jvm.dll+0x6744d5]
C  [ucrtbase.dll+0x21bb2]
C  [KERNEL32.DLL+0x17344]
C  [ntdll.dll+0x526b1]


---------------  P R O C E S S  ---------------

Threads class SMR info:
_java_thread_list=0x000002ac7e9490a0, length=31, elements={
0x000002ac72cea890, 0x000002ac796555d0, 0x000002ac79656090, 0x000002ac77b6a500,
0x000002ac77b6bfd0, 0x000002ac77b6ca90, 0x000002ac77b6d350, 0x000002ac77b6e3f0,
0x000002ac79686f80, 0x000002ac79688020, 0x000002ac7976cd50, 0x000002ac79935be0,
0x000002ac7a8d61d0, 0x000002ac7bbf1860, 0x000002ac7ab040c0, 0x000002ac7aad4820,
0x000002ac7ab75300, 0x000002ac7bda5020, 0x000002ac7be0bee0, 0x000002ac7be0b540,
0x000002ac7be09d30, 0x000002ac7be09860, 0x000002ac7be0ba10, 0x000002ac7be0b070,
0x000002ac7be0aba0, 0x000002ac7be0c880, 0x000002ac7c646760, 0x000002ac17fc2dd0,
0x000002ac7c640bf0, 0x000002ac7c642da0, 0x000002ac7c63fd80
}

Java Threads: ( => current thread )
  0x000002ac72cea890 JavaThread "main" [_thread_blocked, id=5876, stack(0x000000c587500000,0x000000c587600000)]
  0x000002ac796555d0 JavaThread "Reference Handler" daemon [_thread_blocked, id=17256, stack(0x000000c587800000,0x000000c587900000)]
  0x000002ac79656090 JavaThread "Finalizer" daemon [_thread_blocked, id=10568, stack(0x000000c587900000,0x000000c587a00000)]
  0x000002ac77b6a500 JavaThread "Signal Dispatcher" daemon [_thread_blocked, id=13432, stack(0x000000c587a00000,0x000000c587b00000)]
  0x000002ac77b6bfd0 JavaThread "Attach Listener" daemon [_thread_blocked, id=13000, stack(0x000000c587b00000,0x000000c587c00000)]
  0x000002ac77b6ca90 JavaThread "Service Thread" daemon [_thread_blocked, id=5212, stack(0x000000c587c00000,0x000000c587d00000)]
  0x000002ac77b6d350 JavaThread "Monitor Deflation Thread" daemon [_thread_blocked, id=8932, stack(0x000000c587d00000,0x000000c587e00000)]
  0x000002ac77b6e3f0 JavaThread "C2 CompilerThread0" daemon [_thread_in_native, id=16324, stack(0x000000c587e00000,0x000000c587f00000)]
  0x000002ac79686f80 JavaThread "C1 CompilerThread0" daemon [_thread_blocked, id=8436, stack(0x000000c587f00000,0x000000c588000000)]
  0x000002ac79688020 JavaThread "Sweeper thread" daemon [_thread_blocked, id=17900, stack(0x000000c588000000,0x000000c588100000)]
  0x000002ac7976cd50 JavaThread "Common-Cleaner" daemon [_thread_blocked, id=17896, stack(0x000000c588100000,0x000000c588200000)]
  0x000002ac79935be0 JavaThread "Notification Thread" daemon [_thread_blocked, id=11624, stack(0x000000c588200000,0x000000c588300000)]
  0x000002ac7a8d61d0 JavaThread "Active Thread: Equinox Container: b3954357-ee91-40c2-87b6-40185decebb1" [_thread_blocked, id=14520, stack(0x000000c588500000,0x000000c588600000)]
  0x000002ac7bbf1860 JavaThread "Framework Event Dispatcher: Equinox Container: b3954357-ee91-40c2-87b6-40185decebb1" daemon [_thread_blocked, id=11456, stack(0x000000c588600000,0x000000c588700000)]
  0x000002ac7ab040c0 JavaThread "Start Level: Equinox Container: b3954357-ee91-40c2-87b6-40185decebb1" daemon [_thread_blocked, id=16012, stack(0x000000c588700000,0x000000c588800000)]
  0x000002ac7aad4820 JavaThread "SCR Component Actor" daemon [_thread_blocked, id=5828, stack(0x000000c588e00000,0x000000c588f00000)]
  0x000002ac7ab75300 JavaThread "Worker-JM" [_thread_blocked, id=13552, stack(0x000000c589000000,0x000000c589100000)]
  0x000002ac7bda5020 JavaThread "Worker-0" [_thread_blocked, id=15896, stack(0x000000c589100000,0x000000c589200000)]
  0x000002ac7be0bee0 JavaThread "Worker-1: Updating Maven Dependencies" [_thread_blocked, id=12836, stack(0x000000c589200000,0x000000c589300000)]
  0x000002ac7be0b540 JavaThread "Java indexing" daemon [_thread_in_Java, id=5840, stack(0x000000c588400000,0x000000c588500000)]
  0x000002ac7be09d30 JavaThread "pool-2-thread-1" [_thread_blocked, id=16016, stack(0x000000c589500000,0x000000c589600000)]
  0x000002ac7be09860 JavaThread "Worker-2: Initialize Workspace" [_thread_in_vm, id=16828, stack(0x000000c589600000,0x000000c589700000)]
  0x000002ac7be0ba10 JavaThread "Worker-3" [_thread_blocked, id=17968, stack(0x000000c589700000,0x000000c589800000)]
  0x000002ac7be0b070 JavaThread "Timer-1" [_thread_blocked, id=16376, stack(0x000000c589800000,0x000000c589900000)]
  0x000002ac7be0aba0 JavaThread "Timer-2" [_thread_blocked, id=16128, stack(0x000000c589400000,0x000000c589500000)]
  0x000002ac7be0c880 Thread [stack: 0x000000c589900000,0x000000c589a00000] [id=16448]
  0x000002ac7c646760 JavaThread "Worker-4: Java indexing... " [_thread_blocked, id=11632, stack(0x000000c589a00000,0x000000c589b00000)]
=>0x000002ac17fc2dd0 JavaThread "C2 CompilerThread1" daemon [_thread_in_native, id=17420, stack(0x000000c589b00000,0x000000c589c00000)]
  0x000002ac7c640bf0 JavaThread "Exec process" [_thread_blocked, id=13912, stack(0x000000c588f00000,0x000000c589000000)]
  0x000002ac7c642da0 JavaThread "Exec process Thread 2" [_thread_blocked, id=13748, stack(0x000000c589c00000,0x000000c589d00000)]
  0x000002ac7c63fd80 JavaThread "Exec process Thread 3" [_thread_blocked, id=11908, stack(0x000000c589d00000,0x000000c589e00000)]

Other Threads:
  0x000002ac79651d10 VMThread "VM Thread" [stack: 0x000000c587700000,0x000000c587800000] [id=13624]
  0x000002ac79936250 WatcherThread [stack: 0x000000c588300000,0x000000c588400000] [id=2980]
  0x000002ac72d00ce0 GCTaskThread "GC Thread#0" [stack: 0x000000c587600000,0x000000c587700000] [id=12204]
  0x000002ac7ab3e250 GCTaskThread "GC Thread#1" [stack: 0x000000c588800000,0x000000c588900000] [id=17800]
  0x000002ac7ab06710 GCTaskThread "GC Thread#2" [stack: 0x000000c588900000,0x000000c588a00000] [id=12168]
  0x000002ac798fc640 GCTaskThread "GC Thread#3" [stack: 0x000000c588a00000,0x000000c588b00000] [id=16372]
  0x000002ac7adf9790 GCTaskThread "GC Thread#4" [stack: 0x000000c588b00000,0x000000c588c00000] [id=15724]
  0x000002ac7abf1690 GCTaskThread "GC Thread#5" [stack: 0x000000c588c00000,0x000000c588d00000] [id=17600]
  0x000002ac7abf1940 GCTaskThread "GC Thread#6" [stack: 0x000000c588d00000,0x000000c588e00000] [id=15756]
  0x000002ac7bd44740 GCTaskThread "GC Thread#7" [stack: 0x000000c589300000,0x000000c589400000] [id=5124]

Threads with active compile tasks:
C2 CompilerThread0     6697 5242   !   4       org.eclipse.jdt.internal.core.search.indexing.BinaryIndexer::indexDocument (1144 bytes)
C1 CompilerThread0     6697 5353       2       java.lang.Thread::interrupted (23 bytes)
C2 CompilerThread1     6697 5126 %     4       org.eclipse.jdt.internal.core.search.indexing.BinaryIndexer::extractReferenceFromConstantPool @ 147 (341 bytes)

VM state: not at safepoint (normal execution)

VM Mutex/Monitor currently owned by a thread: None

Heap address: 0x00000000c0000000, size: 1024 MB, Compressed Oops mode: 32-bit

CDS archive(s) not mapped
Compressed class space mapped at: 0x0000000100000000-0x0000000140000000, reserved size: 1073741824
Narrow klass base: 0x0000000000000000, Narrow klass shift: 3, Narrow klass range: 0x140000000

GC Precious Log:
 CPUs: 8 total, 8 available
 Memory: 7991M
 Large Page Support: Disabled
 NUMA Support: Disabled
 Compressed Oops: Enabled (32-bit)
 Alignments: Space 512K, Generation 512K, Heap 2M
 Heap Min Capacity: 100M
 Heap Initial Capacity: 100M
 Heap Max Capacity: 1G
 Pre-touch: Disabled
 Parallel Workers: 8

Heap:
 PSYoungGen      total 17920K, used 8376K [0x00000000eab00000, 0x00000000ec280000, 0x0000000100000000)
  eden space 13312K, 29% used [0x00000000eab00000,0x00000000eaece748,0x00000000eb800000)
  from space 4608K, 97% used [0x00000000ebe00000,0x00000000ec25f8c0,0x00000000ec280000)
  to   space 5120K, 0% used [0x00000000eb880000,0x00000000eb880000,0x00000000ebd80000)
 ParOldGen       total 123904K, used 99737K [0x00000000c0000000, 0x00000000c7900000, 0x00000000eab00000)
  object space 123904K, 80% used [0x00000000c0000000,0x00000000c6166458,0x00000000c7900000)
 Metaspace       used 54394K, committed 55232K, reserved 1097728K
  class space    used 6398K, committed 6720K, reserved 1048576K

Card table byte_map: [0x000002ac726c0000,0x000002ac728d0000] _byte_map_base: 0x000002ac720c0000

Marking Bits: (ParMarkBitMap*) 0x00007ff92c723af0
 Begin Bits: [0x000002ac75970000, 0x000002ac76970000)
 End Bits:   [0x000002ac76970000, 0x000002ac77970000)

Polling page: 0x000002ac70d00000

Metaspace:

Usage:
  Non-class:     46.87 MB used.
      Class:      6.25 MB used.
       Both:     53.12 MB used.

Virtual space:
  Non-class space:       48.00 MB reserved,      47.38 MB ( 99%) committed,  6 nodes.
      Class space:        1.00 GB reserved,       6.56 MB ( <1%) committed,  1 nodes.
             Both:        1.05 GB reserved,      53.94 MB (  5%) committed. 

Chunk freelists:
   Non-Class:  256.00 KB
       Class:  1.27 MB
        Both:  1.53 MB

MaxMetaspaceSize: unlimited
CompressedClassSpaceSize: 1.00 GB
Initial GC threshold: 21.00 MB
Current GC threshold: 87.75 MB
CDS: off
MetaspaceReclaimPolicy: balanced
 - commit_granule_bytes: 65536.
 - commit_granule_words: 8192.
 - virtual_space_node_default_size: 1048576.
 - enlarge_chunks_in_place: 1.
 - new_chunks_are_fully_committed: 0.
 - uncommit_free_chunks: 1.
 - use_allocation_guard: 0.
 - handle_deallocations: 1.


Internal statistics:

num_allocs_failed_limit: 6.
num_arena_births: 340.
num_arena_deaths: 0.
num_vsnodes_births: 7.
num_vsnodes_deaths: 0.
num_space_committed: 863.
num_space_uncommitted: 0.
num_chunks_returned_to_freelist: 6.
num_chunks_taken_from_freelist: 2254.
num_chunk_merges: 3.
num_chunk_splits: 1527.
num_chunks_enlarged: 1054.
num_purges: 0.
num_inconsistent_stats: 0.

CodeHeap 'non-profiled nmethods': size=120000Kb used=2384Kb max_used=2384Kb free=117615Kb
 bounds [0x000002ac07ad0000, 0x000002ac07d40000, 0x000002ac0f000000]
CodeHeap 'profiled nmethods': size=120000Kb used=10937Kb max_used=10937Kb free=109062Kb
 bounds [0x000002ac005a0000, 0x000002ac01050000, 0x000002ac07ad0000]
CodeHeap 'non-nmethods': size=5760Kb used=1295Kb max_used=1339Kb free=4464Kb
 bounds [0x000002ac00000000, 0x000002ac00270000, 0x000002ac005a0000]
 total_blobs=5853 nmethods=5247 adapters=520
 compilation: enabled
              stopped_count=0, restarted_count=0
 full_count=0

Compilation events (20 events):
Event: 6.515 Thread 0x000002ac79686f80 5326       2       java.lang.ProcessEnvironment$EntryComparator::compare (25 bytes)
Event: 6.515 Thread 0x000002ac79686f80 nmethod 5326 0x000002ac01043c90 code [0x000002ac01043e60, 0x000002ac01044068]
Event: 6.527 Thread 0x000002ac79686f80 5327       3       org.eclipse.jdt.internal.core.search.indexing.BinaryIndexer::extractArgCount (307 bytes)
Event: 6.528 Thread 0x000002ac79686f80 nmethod 5327 0x000002ac01044190 code [0x000002ac010443e0, 0x000002ac01044e98]
Event: 6.541 Thread 0x000002ac79686f80 5330       2       java.lang.invoke.InvokerBytecodeGenerator::emitPushArguments (45 bytes)
Event: 6.541 Thread 0x000002ac79686f80 nmethod 5330 0x000002ac01045210 code [0x000002ac010453c0, 0x000002ac01045638]
Event: 6.544 Thread 0x000002ac79686f80 5333       2       java.lang.invoke.LambdaForm$NamedFunction::member (26 bytes)
Event: 6.544 Thread 0x000002ac79686f80 nmethod 5333 0x000002ac01045890 code [0x000002ac01045a20, 0x000002ac01045b38]
Event: 6.544 Thread 0x000002ac79686f80 5334       2       java.lang.invoke.InvokerBytecodeGenerator::isStaticallyInvocable (168 bytes)
Event: 6.545 Thread 0x000002ac79686f80 nmethod 5334 0x000002ac01045c10 code [0x000002ac01045ee0, 0x000002ac01046788]
Event: 6.545 Thread 0x000002ac79686f80 5335       2       java.lang.invoke.MemberName::isPrivate (8 bytes)
Event: 6.545 Thread 0x000002ac79686f80 nmethod 5335 0x000002ac01046b90 code [0x000002ac01046d20, 0x000002ac01046e38]
Event: 6.545 Thread 0x000002ac79686f80 5336       2       java.lang.invoke.InvokerBytecodeGenerator::emitStaticInvoke (258 bytes)
Event: 6.546 Thread 0x000002ac79686f80 nmethod 5336 0x000002ac01046f10 code [0x000002ac01047180, 0x000002ac01047728]
Event: 6.546 Thread 0x000002ac79686f80 5337       2       java.lang.invoke.InvokerBytecodeGenerator::refKindOpcode (112 bytes)
Event: 6.547 Thread 0x000002ac79686f80 nmethod 5337 0x000002ac01047b10 code [0x000002ac01047d20, 0x000002ac010481d8]
Event: 6.575 Thread 0x000002ac79686f80 5338       2       java.util.TimSort::binarySort (223 bytes)
Event: 6.575 Thread 0x000002ac79686f80 nmethod 5338 0x000002ac01048390 code [0x000002ac01048560, 0x000002ac01048b18]
Event: 6.648 Thread 0x000002ac79686f80 5339       2       jdk.internal.jrtfs.JrtFileSystem::newByteChannel (44 bytes)
Event: 6.649 Thread 0x000002ac79686f80 nmethod 5339 0x000002ac01048e10 code [0x000002ac01048fe0, 0x000002ac010494e8]

GC Heap History (20 events):
Event: 5.778 GC heap before
{Heap before GC invocations=26 (full 3):
 PSYoungGen      total 22016K, used 21714K [0x00000000eab00000, 0x00000000ec900000, 0x0000000100000000)
  eden space 17408K, 100% used [0x00000000eab00000,0x00000000ebc00000,0x00000000ebc00000)
  from space 4608K, 93% used [0x00000000ebf00000,0x00000000ec334af8,0x00000000ec380000)
  to   space 4608K, 0% used [0x00000000ec480000,0x00000000ec480000,0x00000000ec900000)
 ParOldGen       total 96256K, used 66333K [0x00000000c0000000, 0x00000000c5e00000, 0x00000000eab00000)
  object space 96256K, 68% used [0x00000000c0000000,0x00000000c40c77d0,0x00000000c5e00000)
 Metaspace       used 50267K, committed 51072K, reserved 1097728K
  class space    used 5761K, committed 6080K, reserved 1048576K
}
Event: 5.782 GC heap after
{Heap after GC invocations=26 (full 3):
 PSYoungGen      total 21504K, used 3964K [0x00000000eab00000, 0x00000000ec880000, 0x0000000100000000)
  eden space 17408K, 0% used [0x00000000eab00000,0x00000000eab00000,0x00000000ebc00000)
  from space 4096K, 96% used [0x00000000ec480000,0x00000000ec85f0d0,0x00000000ec880000)
  to   space 4608K, 0% used [0x00000000ebf80000,0x00000000ebf80000,0x00000000ec400000)
 ParOldGen       total 96256K, used 70452K [0x00000000c0000000, 0x00000000c5e00000, 0x00000000eab00000)
  object space 96256K, 73% used [0x00000000c0000000,0x00000000c44cd240,0x00000000c5e00000)
 Metaspace       used 50267K, committed 51072K, reserved 1097728K
  class space    used 5761K, committed 6080K, reserved 1048576K
}
Event: 5.836 GC heap before
{Heap before GC invocations=27 (full 3):
 PSYoungGen      total 21504K, used 21372K [0x00000000eab00000, 0x00000000ec880000, 0x0000000100000000)
  eden space 17408K, 100% used [0x00000000eab00000,0x00000000ebc00000,0x00000000ebc00000)
  from space 4096K, 96% used [0x00000000ec480000,0x00000000ec85f0d0,0x00000000ec880000)
  to   space 4608K, 0% used [0x00000000ebf80000,0x00000000ebf80000,0x00000000ec400000)
 ParOldGen       total 96256K, used 70452K [0x00000000c0000000, 0x00000000c5e00000, 0x00000000eab00000)
  object space 96256K, 73% used [0x00000000c0000000,0x00000000c44cd240,0x00000000c5e00000)
 Metaspace       used 50647K, committed 51456K, reserved 1097728K
  class space    used 5831K, committed 6144K, reserved 1048576K
}
Event: 5.840 GC heap after
{Heap after GC invocations=27 (full 3):
 PSYoungGen      total 21504K, used 3868K [0x00000000eab00000, 0x00000000ec500000, 0x0000000100000000)
  eden space 17408K, 0% used [0x00000000eab00000,0x00000000eab00000,0x00000000ebc00000)
  from space 4096K, 94% used [0x00000000ebf80000,0x00000000ec347328,0x00000000ec380000)
  to   space 1536K, 0% used [0x00000000ec380000,0x00000000ec380000,0x00000000ec500000)
 ParOldGen       total 96256K, used 74293K [0x00000000c0000000, 0x00000000c5e00000, 0x00000000eab00000)
  object space 96256K, 77% used [0x00000000c0000000,0x00000000c488d560,0x00000000c5e00000)
 Metaspace       used 50647K, committed 51456K, reserved 1097728K
  class space    used 5831K, committed 6144K, reserved 1048576K
}
Event: 5.879 GC heap before
{Heap before GC invocations=28 (full 3):
 PSYoungGen      total 21504K, used 21276K [0x00000000eab00000, 0x00000000ec500000, 0x0000000100000000)
  eden space 17408K, 100% used [0x00000000eab00000,0x00000000ebc00000,0x00000000ebc00000)
  from space 4096K, 94% used [0x00000000ebf80000,0x00000000ec347328,0x00000000ec380000)
  to   space 1536K, 0% used [0x00000000ec380000,0x00000000ec380000,0x00000000ec500000)
 ParOldGen       total 96256K, used 74293K [0x00000000c0000000, 0x00000000c5e00000, 0x00000000eab00000)
  object space 96256K, 77% used [0x00000000c0000000,0x00000000c488d560,0x00000000c5e00000)
 Metaspace       used 51071K, committed 51840K, reserved 1097728K
  class space    used 5903K, committed 6208K, reserved 1048576K
}
Event: 5.884 GC heap after
{Heap after GC invocations=28 (full 3):
 PSYoungGen      total 17920K, used 1508K [0x00000000eab00000, 0x00000000ecd00000, 0x0000000100000000)
  eden space 16384K, 0% used [0x00000000eab00000,0x00000000eab00000,0x00000000ebb00000)
  from space 1536K, 98% used [0x00000000ec380000,0x00000000ec4f9380,0x00000000ec500000)
  to   space 8704K, 0% used [0x00000000ebb00000,0x00000000ebb00000,0x00000000ec380000)
 ParOldGen       total 96256K, used 80521K [0x00000000c0000000, 0x00000000c5e00000, 0x00000000eab00000)
  object space 96256K, 83% used [0x00000000c0000000,0x00000000c4ea2408,0x00000000c5e00000)
 Metaspace       used 51071K, committed 51840K, reserved 1097728K
  class space    used 5903K, committed 6208K, reserved 1048576K
}
Event: 5.924 GC heap before
{Heap before GC invocations=29 (full 3):
 PSYoungGen      total 17920K, used 17892K [0x00000000eab00000, 0x00000000ecd00000, 0x0000000100000000)
  eden space 16384K, 100% used [0x00000000eab00000,0x00000000ebb00000,0x00000000ebb00000)
  from space 1536K, 98% used [0x00000000ec380000,0x00000000ec4f9380,0x00000000ec500000)
  to   space 8704K, 0% used [0x00000000ebb00000,0x00000000ebb00000,0x00000000ec380000)
 ParOldGen       total 96256K, used 80521K [0x00000000c0000000, 0x00000000c5e00000, 0x00000000eab00000)
  object space 96256K, 83% used [0x00000000c0000000,0x00000000c4ea2408,0x00000000c5e00000)
 Metaspace       used 51555K, committed 52416K, reserved 1097728K
  class space    used 5964K, committed 6272K, reserved 1048576K
}
Event: 5.927 GC heap after
{Heap after GC invocations=29 (full 3):
 PSYoungGen      total 19968K, used 3450K [0x00000000eab00000, 0x00000000ec500000, 0x0000000100000000)
  eden space 16384K, 0% used [0x00000000eab00000,0x00000000eab00000,0x00000000ebb00000)
  from space 3584K, 96% used [0x00000000ebb00000,0x00000000ebe5e908,0x00000000ebe80000)
  to   space 5120K, 0% used [0x00000000ec000000,0x00000000ec000000,0x00000000ec500000)
 ParOldGen       total 96256K, used 82048K [0x00000000c0000000, 0x00000000c5e00000, 0x00000000eab00000)
  object space 96256K, 85% used [0x00000000c0000000,0x00000000c50203e0,0x00000000c5e00000)
 Metaspace       used 51555K, committed 52416K, reserved 1097728K
  class space    used 5964K, committed 6272K, reserved 1048576K
}
Event: 5.975 GC heap before
{Heap before GC invocations=30 (full 3):
 PSYoungGen      total 19968K, used 19834K [0x00000000eab00000, 0x00000000ec500000, 0x0000000100000000)
  eden space 16384K, 100% used [0x00000000eab00000,0x00000000ebb00000,0x00000000ebb00000)
  from space 3584K, 96% used [0x00000000ebb00000,0x00000000ebe5e908,0x00000000ebe80000)
  to   space 5120K, 0% used [0x00000000ec000000,0x00000000ec000000,0x00000000ec500000)
 ParOldGen       total 96256K, used 82048K [0x00000000c0000000, 0x00000000c5e00000, 0x00000000eab00000)
  object space 96256K, 85% used [0x00000000c0000000,0x00000000c50203e0,0x00000000c5e00000)
 Metaspace       used 52118K, committed 52992K, reserved 1097728K
  class space    used 6048K, committed 6400K, reserved 1048576K
}
Event: 5.978 GC heap after
{Heap after GC invocations=30 (full 3):
 PSYoungGen      total 20480K, used 3625K [0x00000000eab00000, 0x00000000ec400000, 0x0000000100000000)
  eden space 16384K, 0% used [0x00000000eab00000,0x00000000eab00000,0x00000000ebb00000)
  from space 4096K, 88% used [0x00000000ec000000,0x00000000ec38a480,0x00000000ec400000)
  to   space 4096K, 0% used [0x00000000ebc00000,0x00000000ebc00000,0x00000000ec000000)
 ParOldGen       total 96256K, used 85442K [0x00000000c0000000, 0x00000000c5e00000, 0x00000000eab00000)
  object space 96256K, 88% used [0x00000000c0000000,0x00000000c5370b90,0x00000000c5e00000)
 Metaspace       used 52118K, committed 52992K, reserved 1097728K
  class space    used 6048K, committed 6400K, reserved 1048576K
}
Event: 6.040 GC heap before
{Heap before GC invocations=31 (full 3):
 PSYoungGen      total 20480K, used 20009K [0x00000000eab00000, 0x00000000ec400000, 0x0000000100000000)
  eden space 16384K, 100% used [0x00000000eab00000,0x00000000ebb00000,0x00000000ebb00000)
  from space 4096K, 88% used [0x00000000ec000000,0x00000000ec38a480,0x00000000ec400000)
  to   space 4096K, 0% used [0x00000000ebc00000,0x00000000ebc00000,0x00000000ec000000)
 ParOldGen       total 96256K, used 85442K [0x00000000c0000000, 0x00000000c5e00000, 0x00000000eab00000)
  object space 96256K, 88% used [0x00000000c0000000,0x00000000c5370b90,0x00000000c5e00000)
 Metaspace       used 52558K, committed 53376K, reserved 1097728K
  class space    used 6120K, committed 6464K, reserved 1048576K
}
Event: 6.044 GC heap after
{Heap after GC invocations=31 (full 3):
 PSYoungGen      total 19968K, used 3506K [0x00000000eab00000, 0x00000000ec200000, 0x0000000100000000)
  eden space 16384K, 0% used [0x00000000eab00000,0x00000000eab00000,0x00000000ebb00000)
  from space 3584K, 97% used [0x00000000ebc00000,0x00000000ebf6c8a0,0x00000000ebf80000)
  to   space 2560K, 0% used [0x00000000ebf80000,0x00000000ebf80000,0x00000000ec200000)
 ParOldGen       total 96256K, used 88981K [0x00000000c0000000, 0x00000000c5e00000, 0x00000000eab00000)
  object space 96256K, 92% used [0x00000000c0000000,0x00000000c56e5500,0x00000000c5e00000)
 Metaspace       used 52558K, committed 53376K, reserved 1097728K
  class space    used 6120K, committed 6464K, reserved 1048576K
}
Event: 6.119 GC heap before
{Heap before GC invocations=32 (full 3):
 PSYoungGen      total 19968K, used 19890K [0x00000000eab00000, 0x00000000ec200000, 0x0000000100000000)
  eden space 16384K, 100% used [0x00000000eab00000,0x00000000ebb00000,0x00000000ebb00000)
  from space 3584K, 97% used [0x00000000ebc00000,0x00000000ebf6c8a0,0x00000000ebf80000)
  to   space 2560K, 0% used [0x00000000ebf80000,0x00000000ebf80000,0x00000000ec200000)
 ParOldGen       total 96256K, used 88981K [0x00000000c0000000, 0x00000000c5e00000, 0x00000000eab00000)
  object space 96256K, 92% used [0x00000000c0000000,0x00000000c56e5500,0x00000000c5e00000)
 Metaspace       used 53115K, committed 53888K, reserved 1097728K
  class space    used 6220K, committed 6528K, reserved 1048576K
}
Event: 6.123 GC heap after
{Heap after GC invocations=32 (full 3):
 PSYoungGen      total 15872K, used 2532K [0x00000000eab00000, 0x00000000eca00000, 0x0000000100000000)
  eden space 13312K, 0% used [0x00000000eab00000,0x00000000eab00000,0x00000000eb800000)
  from space 2560K, 98% used [0x00000000ebf80000,0x00000000ec1f9118,0x00000000ec200000)
  to   space 7680K, 0% used [0x00000000eb800000,0x00000000eb800000,0x00000000ebf80000)
 ParOldGen       total 96256K, used 93500K [0x00000000c0000000, 0x00000000c5e00000, 0x00000000eab00000)
  object space 96256K, 97% used [0x00000000c0000000,0x00000000c5b4f0b0,0x00000000c5e00000)
 Metaspace       used 53115K, committed 53888K, reserved 1097728K
  class space    used 6220K, committed 6528K, reserved 1048576K
}
Event: 6.123 GC heap before
{Heap before GC invocations=33 (full 4):
 PSYoungGen      total 15872K, used 2532K [0x00000000eab00000, 0x00000000eca00000, 0x0000000100000000)
  eden space 13312K, 0% used [0x00000000eab00000,0x00000000eab00000,0x00000000eb800000)
  from space 2560K, 98% used [0x00000000ebf80000,0x00000000ec1f9118,0x00000000ec200000)
  to   space 7680K, 0% used [0x00000000eb800000,0x00000000eb800000,0x00000000ebf80000)
 ParOldGen       total 96256K, used 93500K [0x00000000c0000000, 0x00000000c5e00000, 0x00000000eab00000)
  object space 96256K, 97% used [0x00000000c0000000,0x00000000c5b4f0b0,0x00000000c5e00000)
 Metaspace       used 53115K, committed 53888K, reserved 1097728K
  class space    used 6220K, committed 6528K, reserved 1048576K
}
Event: 6.183 GC heap after
{Heap after GC invocations=33 (full 4):
 PSYoungGen      total 20992K, used 0K [0x00000000eab00000, 0x00000000ec700000, 0x0000000100000000)
  eden space 13312K, 0% used [0x00000000eab00000,0x00000000eab00000,0x00000000eb800000)
  from space 7680K, 0% used [0x00000000eb800000,0x00000000eb800000,0x00000000ebf80000)
  to   space 7680K, 0% used [0x00000000ebf80000,0x00000000ebf80000,0x00000000ec700000)
 ParOldGen       total 123904K, used 94261K [0x00000000c0000000, 0x00000000c7900000, 0x00000000eab00000)
  object space 123904K, 76% used [0x00000000c0000000,0x00000000c5c0d650,0x00000000c7900000)
 Metaspace       used 53115K, committed 53888K, reserved 1097728K
  class space    used 6220K, committed 6528K, reserved 1048576K
}
Event: 6.454 GC heap before
{Heap before GC invocations=34 (full 4):
 PSYoungGen      total 20992K, used 13312K [0x00000000eab00000, 0x00000000ec700000, 0x0000000100000000)
  eden space 13312K, 100% used [0x00000000eab00000,0x00000000eb800000,0x00000000eb800000)
  from space 7680K, 0% used [0x00000000eb800000,0x00000000eb800000,0x00000000ebf80000)
  to   space 7680K, 0% used [0x00000000ebf80000,0x00000000ebf80000,0x00000000ec700000)
 ParOldGen       total 123904K, used 94261K [0x00000000c0000000, 0x00000000c7900000, 0x00000000eab00000)
  object space 123904K, 76% used [0x00000000c0000000,0x00000000c5c0d650,0x00000000c7900000)
 Metaspace       used 53929K, committed 54720K, reserved 1097728K
  class space    used 6347K, committed 6656K, reserved 1048576K
}
Event: 6.456 GC heap after
{Heap after GC invocations=34 (full 4):
 PSYoungGen      total 16384K, used 2591K [0x00000000eab00000, 0x00000000ec280000, 0x0000000100000000)
  eden space 13312K, 0% used [0x00000000eab00000,0x00000000eab00000,0x00000000eb800000)
  from space 3072K, 84% used [0x00000000ebf80000,0x00000000ec207ca8,0x00000000ec280000)
  to   space 4608K, 0% used [0x00000000eb980000,0x00000000eb980000,0x00000000ebe00000)
 ParOldGen       total 123904K, used 94269K [0x00000000c0000000, 0x00000000c7900000, 0x00000000eab00000)
  object space 123904K, 76% used [0x00000000c0000000,0x00000000c5c0f650,0x00000000c7900000)
 Metaspace       used 53929K, committed 54720K, reserved 1097728K
  class space    used 6347K, committed 6656K, reserved 1048576K
}
Event: 6.576 GC heap before
{Heap before GC invocations=35 (full 4):
 PSYoungGen      total 16384K, used 15898K [0x00000000eab00000, 0x00000000ec280000, 0x0000000100000000)
  eden space 13312K, 99% used [0x00000000eab00000,0x00000000eb7fed20,0x00000000eb800000)
  from space 3072K, 84% used [0x00000000ebf80000,0x00000000ec207ca8,0x00000000ec280000)
  to   space 4608K, 0% used [0x00000000eb980000,0x00000000eb980000,0x00000000ebe00000)
 ParOldGen       total 123904K, used 94269K [0x00000000c0000000, 0x00000000c7900000, 0x00000000eab00000)
  object space 123904K, 76% used [0x00000000c0000000,0x00000000c5c0f650,0x00000000c7900000)
 Metaspace       used 54205K, committed 55040K, reserved 1097728K
  class space    used 6376K, committed 6720K, reserved 1048576K
}
Event: 6.579 GC heap after
{Heap after GC invocations=35 (full 4):
 PSYoungGen      total 17920K, used 4583K [0x00000000eab00000, 0x00000000ec400000, 0x0000000100000000)
  eden space 13312K, 0% used [0x00000000eab00000,0x00000000eab00000,0x00000000eb800000)
  from space 4608K, 99% used [0x00000000eb980000,0x00000000ebdf9f58,0x00000000ebe00000)
  to   space 6144K, 0% used [0x00000000ebe00000,0x00000000ebe00000,0x00000000ec400000)
 ParOldGen       total 123904K, used 95189K [0x00000000c0000000, 0x00000000c7900000, 0x00000000eab00000)
  object space 123904K, 76% used [0x00000000c0000000,0x00000000c5cf5418,0x00000000c7900000)
 Metaspace       used 54205K, committed 55040K, reserved 1097728K
  class space    used 6376K, committed 6720K, reserved 1048576K
}

Deoptimization events (20 events):
Event: 6.514 Thread 0x000002ac7c640bf0 Uncommon trap: trap_request=0xffffffbe fr.pc=0x000002ac07cfc624 relative=0x0000000000000e24
Event: 6.514 Thread 0x000002ac7c640bf0 Uncommon trap: reason=profile_predicate action=maybe_recompile pc=0x000002ac07cfc624 method=java.util.TimSort.binarySort([Ljava/lang/Object;IIILjava/util/Comparator;)V @ 73 c2
Event: 6.514 Thread 0x000002ac7c640bf0 DEOPT PACKING pc=0x000002ac07cfc624 sp=0x000000c588ffe8a0
Event: 6.514 Thread 0x000002ac7c640bf0 DEOPT UNPACKING pc=0x000002ac00055923 sp=0x000000c588ffe880 mode 2
Event: 6.514 Thread 0x000002ac7c640bf0 Uncommon trap: trap_request=0xffffffbe fr.pc=0x000002ac07cfc624 relative=0x0000000000000e24
Event: 6.514 Thread 0x000002ac7c640bf0 Uncommon trap: reason=profile_predicate action=maybe_recompile pc=0x000002ac07cfc624 method=java.util.TimSort.binarySort([Ljava/lang/Object;IIILjava/util/Comparator;)V @ 73 c2
Event: 6.514 Thread 0x000002ac7c640bf0 DEOPT PACKING pc=0x000002ac07cfc624 sp=0x000000c588ffe8a0
Event: 6.514 Thread 0x000002ac7c640bf0 DEOPT UNPACKING pc=0x000002ac00055923 sp=0x000000c588ffe880 mode 2
Event: 6.514 Thread 0x000002ac7c640bf0 Uncommon trap: trap_request=0xffffffbe fr.pc=0x000002ac07cfc624 relative=0x0000000000000e24
Event: 6.514 Thread 0x000002ac7c640bf0 Uncommon trap: reason=profile_predicate action=maybe_recompile pc=0x000002ac07cfc624 method=java.util.TimSort.binarySort([Ljava/lang/Object;IIILjava/util/Comparator;)V @ 73 c2
Event: 6.514 Thread 0x000002ac7c640bf0 DEOPT PACKING pc=0x000002ac07cfc624 sp=0x000000c588ffe8a0
Event: 6.514 Thread 0x000002ac7c640bf0 DEOPT UNPACKING pc=0x000002ac00055923 sp=0x000000c588ffe880 mode 2
Event: 6.515 Thread 0x000002ac7be0b540 DEOPT PACKING pc=0x000002ac00f00b15 sp=0x000000c5884fed50
Event: 6.515 Thread 0x000002ac7be0b540 DEOPT UNPACKING pc=0x000002ac00056463 sp=0x000000c5884fe278 mode 0
Event: 6.530 Thread 0x000002ac7be0b540 DEOPT PACKING pc=0x000002ac00f00b15 sp=0x000000c5884fed50
Event: 6.530 Thread 0x000002ac7be0b540 DEOPT UNPACKING pc=0x000002ac00056463 sp=0x000000c5884fe278 mode 0
Event: 6.565 Thread 0x000002ac7be0b540 DEOPT PACKING pc=0x000002ac00f00b15 sp=0x000000c5884fed50
Event: 6.565 Thread 0x000002ac7be0b540 DEOPT UNPACKING pc=0x000002ac00056463 sp=0x000000c5884fe278 mode 0
Event: 6.575 Thread 0x000002ac7be0b540 DEOPT PACKING pc=0x000002ac00f00b15 sp=0x000000c5884fed50
Event: 6.575 Thread 0x000002ac7be0b540 DEOPT UNPACKING pc=0x000002ac00056463 sp=0x000000c5884fe278 mode 0

Classes unloaded (0 events):
No events

Classes redefined (0 events):
No events

Internal exceptions (20 events):
Event: 4.543 Thread 0x000002ac7be0ba10 Exception <a 'java/io/FileNotFoundException'{0x00000000eae23588}> (0x00000000eae23588) 
thrown [e:\jenkins\tmp\workspace\build\src\src\hotspot\share\prims\jni.cpp, line 516]
Event: 4.790 Thread 0x000002ac7be0c880 Exception <a 'java/lang/NoSuchMethodError'{0x00000000ebacff78}: 'java.lang.Object java.lang.invoke.DirectMethodHandle$Holder.invokeVirtual(java.lang.Object, java.lang.Object, java.lang.Object, java.lang.Object, java.lang.Object, java.lang.Object, java.lang.Object)'> (0x00000000ebacff78) 
thrown [e:\jenkins\tmp\workspace\build\src\src\hotspot\share\interpreter\linkResolver.cpp, line 766]
Event: 4.792 Thread 0x000002ac7be0c880 Exception <a 'java/lang/NoSuchMethodError'{0x00000000ebae0288}: 'java.lang.Object java.lang.invoke.Invokers$Holder.invoker(java.lang.Object, java.lang.Object, java.lang.Object)'> (0x00000000ebae0288) 
thrown [e:\jenkins\tmp\workspace\build\src\src\hotspot\share\interpreter\linkResolver.cpp, line 766]
Event: 4.794 Thread 0x000002ac7be0c880 Exception <a 'java/lang/NoSuchMethodError'{0x00000000ebae8c08}: 'java.lang.Object java.lang.invoke.DirectMethodHandle$Holder.invokeStatic(java.lang.Object, java.lang.Object, int)'> (0x00000000ebae8c08) 
thrown [e:\jenkins\tmp\workspace\build\src\src\hotspot\share\interpreter\linkResolver.cpp, line 766]
Event: 4.794 Thread 0x000002ac7be0c880 Exception <a 'java/lang/NoSuchMethodError'{0x00000000ebaed390}: 'void java.lang.invoke.DirectMethodHandle$Holder.invokeStatic(java.lang.Object, java.lang.Object, int, java.lang.Object)'> (0x00000000ebaed390) 
thrown [e:\jenkins\tmp\workspace\build\src\src\hotspot\share\interpreter\linkResolver.cpp, line 766]
Event: 4.795 Thread 0x000002ac7be0c880 Exception <a 'java/lang/NoSuchMethodError'{0x00000000ebaf4978}: 'void java.lang.invoke.DelegatingMethodHandle$Holder.delegate(java.lang.Object, java.lang.Object, int, java.lang.Object)'> (0x00000000ebaf4978) 
thrown [e:\jenkins\tmp\workspace\build\src\src\hotspot\share\interpreter\linkResolver.cpp, line 766]
Event: 4.795 Thread 0x000002ac7be0c880 Exception <a 'java/lang/NoSuchMethodError'{0x00000000ebaf8a88}: 'int java.lang.invoke.DirectMethodHandle$Holder.invokeSpecial(java.lang.Object, java.lang.Object, java.lang.Object)'> (0x00000000ebaf8a88) 
thrown [e:\jenkins\tmp\workspace\build\src\src\hotspot\share\interpreter\linkResolver.cpp, line 766]
Event: 4.796 Thread 0x000002ac7be0c880 Exception <a 'java/lang/NoSuchMethodError'{0x00000000ebb07a28}: 'java.lang.Object java.lang.invoke.Invokers$Holder.invokeExact_MT(java.lang.Object, java.lang.Object, java.lang.Object, java.lang.Object)'> (0x00000000ebb07a28) 
thrown [e:\jenkins\tmp\workspace\build\src\src\hotspot\share\interpreter\linkResolver.cpp, line 766]
Event: 5.013 Thread 0x000002ac7be0c880 Exception <a 'java/lang/NoSuchMethodError'{0x00000000eae0d488}: 'int java.lang.invoke.DirectMethodHandle$Holder.invokeSpecial(java.lang.Object, java.lang.Object, java.lang.Object, java.lang.Object)'> (0x00000000eae0d488) 
thrown [e:\jenkins\tmp\workspace\build\src\src\hotspot\share\interpreter\linkResolver.cpp, line 766]
Event: 5.215 Thread 0x000002ac7be0b540 Implicit null exception at 0x000002ac07ce10ac to 0x000002ac07ce119c
Event: 5.905 Thread 0x000002ac7be0c880 Exception <a 'java/lang/NoClassDefFoundError'{0x00000000eb29f690}: org/slf4j/impl/StaticMarkerBinder> (0x00000000eb29f690) 
thrown [e:\jenkins\tmp\workspace\build\src\src\hotspot\share\classfile\systemDictionary.cpp, line 245]
Event: 6.217 Thread 0x000002ac7be0c880 Exception <a 'java/lang/NoSuchMethodError'{0x00000000eae59930}: 'int java.lang.invoke.DirectMethodHandle$Holder.invokeVirtual(java.lang.Object, java.lang.Object, java.lang.Object)'> (0x00000000eae59930) 
thrown [e:\jenkins\tmp\workspace\build\src\src\hotspot\share\interpreter\linkResolver.cpp, line 766]
Event: 6.248 Thread 0x000002ac7be0c880 Exception <a 'java/lang/NoSuchMethodError'{0x00000000eb43b410}: 'java.lang.Object java.lang.invoke.DirectMethodHandle$Holder.invokeVirtual(java.lang.Object, java.lang.Object, java.lang.Object)'> (0x00000000eb43b410) 
thrown [e:\jenkins\tmp\workspace\build\src\src\hotspot\share\interpreter\linkResolver.cpp, line 766]
Event: 6.506 Thread 0x000002ac7c640bf0 Implicit null exception at 0x000002ac07c8ad0e to 0x000002ac07c8b09c
Event: 6.540 Thread 0x000002ac7c640bf0 Exception <a 'java/lang/NoSuchMethodError'{0x00000000eb273638}: 'void java.lang.invoke.DirectMethodHandle$Holder.invokeStatic(java.lang.Object, long)'> (0x00000000eb273638) 
thrown [e:\jenkins\tmp\workspace\build\src\src\hotspot\share\interpreter\linkResolver.cpp, line 766]
Event: 6.541 Thread 0x000002ac7c640bf0 Exception <a 'java/lang/NoSuchMethodError'{0x00000000eb278c88}: 'java.lang.Object java.lang.invoke.DirectMethodHandle$Holder.newInvokeSpecial(java.lang.Object, long)'> (0x00000000eb278c88) 
thrown [e:\jenkins\tmp\workspace\build\src\src\hotspot\share\interpreter\linkResolver.cpp, line 766]
Event: 6.543 Thread 0x000002ac7c640bf0 Exception <a 'java/lang/NoSuchMethodError'{0x00000000eb27f878}: 'java.lang.Object java.lang.invoke.DirectMethodHandle$Holder.invokeStatic(java.lang.Object, java.lang.Object, long, java.lang.Object)'> (0x00000000eb27f878) 
thrown [e:\jenkins\tmp\workspace\build\src\src\hotspot\share\interpreter\linkResolver.cpp, line 766]
Event: 6.543 Thread 0x000002ac7c640bf0 Exception <a 'java/lang/NoSuchMethodError'{0x00000000eb49f7a0}: 'java.lang.Object java.lang.invoke.DirectMethodHandle$Holder.invokeStaticInit(java.lang.Object, java.lang.Object, long, java.lang.Object)'> (0x00000000eb49f7a0) 
thrown [e:\jenkins\tmp\workspace\build\src\src\hotspot\share\interpreter\linkResolver.cpp, line 766]
Event: 6.544 Thread 0x000002ac7c640bf0 Exception <a 'java/lang/NoSuchMethodError'{0x00000000eb4a5db0}: 'java.lang.Object java.lang.invoke.DirectMethodHandle$Holder.newInvokeSpecial(java.lang.Object, java.lang.Object, long)'> (0x00000000eb4a5db0) 
thrown [e:\jenkins\tmp\workspace\build\src\src\hotspot\share\interpreter\linkResolver.cpp, line 766]
Event: 6.544 Thread 0x000002ac7c640bf0 Exception <a 'java/lang/NoSuchMethodError'{0x00000000eb4a9920}: 'java.lang.Object java.lang.invoke.Invokers$Holder.linkToTargetMethod(java.lang.Object, long, java.lang.Object)'> (0x00000000eb4a9920) 
thrown [e:\jenkins\tmp\workspace\build\src\src\hotspot\share\interpreter\linkResolver.cpp, line 766]

VM Operations (20 events):
Event: 5.799 Executing VM operation: HandshakeAllThreads
Event: 5.799 Executing VM operation: HandshakeAllThreads done
Event: 5.835 Executing VM operation: ParallelGCFailedAllocation
Event: 5.840 Executing VM operation: ParallelGCFailedAllocation done
Event: 5.879 Executing VM operation: ParallelGCFailedAllocation
Event: 5.884 Executing VM operation: ParallelGCFailedAllocation done
Event: 5.924 Executing VM operation: ParallelGCFailedAllocation
Event: 5.927 Executing VM operation: ParallelGCFailedAllocation done
Event: 5.975 Executing VM operation: ParallelGCFailedAllocation
Event: 5.979 Executing VM operation: ParallelGCFailedAllocation done
Event: 6.040 Executing VM operation: ParallelGCFailedAllocation
Event: 6.044 Executing VM operation: ParallelGCFailedAllocation done
Event: 6.119 Executing VM operation: ParallelGCFailedAllocation
Event: 6.184 Executing VM operation: ParallelGCFailedAllocation done
Event: 6.453 Executing VM operation: ParallelGCFailedAllocation
Event: 6.456 Executing VM operation: ParallelGCFailedAllocation done
Event: 6.554 Executing VM operation: HandshakeAllThreads
Event: 6.554 Executing VM operation: HandshakeAllThreads done
Event: 6.576 Executing VM operation: ParallelGCFailedAllocation
Event: 6.579 Executing VM operation: ParallelGCFailedAllocation done

Events (20 events):
Event: 6.029 loading class java/util/concurrent/ConcurrentSkipListMap$EntryIterator done
Event: 6.370 Thread 0x000002ac17fc2dd0 Thread added: 0x000002ac17fc2dd0
Event: 6.371 Thread 0x000002ac7bb42090 Thread exited: 0x000002ac7bb42090
Event: 6.505 Thread 0x000002ac7c640bf0 Thread added: 0x000002ac7c640bf0
Event: 6.507 loading class java/lang/ProcessBuilder
Event: 6.508 loading class java/lang/ProcessBuilder done
Event: 6.513 loading class java/lang/ProcessImpl
Event: 6.513 loading class java/lang/ProcessImpl done
Event: 6.541 loading class java/lang/ProcessHandleImpl
Event: 6.542 loading class java/lang/ProcessHandle
Event: 6.542 loading class java/lang/ProcessHandle done
Event: 6.542 loading class java/lang/ProcessHandleImpl done
Event: 6.544 loading class java/lang/ProcessImpl$2
Event: 6.544 loading class java/lang/ProcessImpl$2 done
Event: 6.553 loading class java/lang/Process$PipeInputStream
Event: 6.553 loading class java/lang/Process$PipeInputStream done
Event: 6.554 loading class jdk/internal/event/ProcessStartEvent
Event: 6.554 loading class jdk/internal/event/ProcessStartEvent done
Event: 6.556 Thread 0x000002ac7c642da0 Thread added: 0x000002ac7c642da0
Event: 6.556 Thread 0x000002ac7c63fd80 Thread added: 0x000002ac7c63fd80


Dynamic libraries:
0x00007ff724580000 - 0x00007ff72458e000 	c:\Users\aluno.LABINFO\.vscode\extensions\redhat.java-1.4.0\jre\17.0.2-win32-x86_64\bin\java.exe
0x00007ff98a210000 - 0x00007ff98a408000 	C:\Windows\SYSTEM32\ntdll.dll
0x00007ff9899a0000 - 0x00007ff989a5d000 	C:\Windows\System32\KERNEL32.DLL
0x00007ff987e00000 - 0x00007ff9880f6000 	C:\Windows\System32\KERNELBASE.dll
0x00007ff988100000 - 0x00007ff988200000 	C:\Windows\System32\ucrtbase.dll
0x00007ff96d550000 - 0x00007ff96d568000 	c:\Users\aluno.LABINFO\.vscode\extensions\redhat.java-1.4.0\jre\17.0.2-win32-x86_64\bin\jli.dll
0x00007ff989a60000 - 0x00007ff989bfe000 	C:\Windows\System32\USER32.dll
0x00007ff988230000 - 0x00007ff988252000 	C:\Windows\System32\win32u.dll
0x00007ff963670000 - 0x00007ff963689000 	c:\Users\aluno.LABINFO\.vscode\extensions\redhat.java-1.4.0\jre\17.0.2-win32-x86_64\bin\VCRUNTIME140.dll
0x00007ff988a20000 - 0x00007ff988a4c000 	C:\Windows\System32\GDI32.dll
0x00007ff9878e0000 - 0x00007ff9879fa000 	C:\Windows\System32\gdi32full.dll
0x00007ff974db0000 - 0x00007ff97504a000 	C:\Windows\WinSxS\amd64_microsoft.windows.common-controls_6595b64144ccf1df_6.0.19041.3636_none_60b6a03d71f818d5\COMCTL32.dll
0x00007ff987b60000 - 0x00007ff987bfd000 	C:\Windows\System32\msvcp_win.dll
0x00007ff988b20000 - 0x00007ff988bbe000 	C:\Windows\System32\msvcrt.dll
0x00007ff988a50000 - 0x00007ff988a80000 	C:\Windows\System32\IMM32.DLL
0x00007ff982a60000 - 0x00007ff982a6c000 	c:\Users\aluno.LABINFO\.vscode\extensions\redhat.java-1.4.0\jre\17.0.2-win32-x86_64\bin\vcruntime140_1.dll
0x00007ff9558c0000 - 0x00007ff955951000 	c:\Users\aluno.LABINFO\.vscode\extensions\redhat.java-1.4.0\jre\17.0.2-win32-x86_64\bin\msvcp140.dll
0x00007ff92bba0000 - 0x00007ff92c7e7000 	c:\Users\aluno.LABINFO\.vscode\extensions\redhat.java-1.4.0\jre\17.0.2-win32-x86_64\bin\server\jvm.dll
0x00007ff988df0000 - 0x00007ff988ea3000 	C:\Windows\System32\ADVAPI32.dll
0x00007ff98a130000 - 0x00007ff98a1cf000 	C:\Windows\System32\sechost.dll
0x00007ff988ec0000 - 0x00007ff988fe6000 	C:\Windows\System32\RPCRT4.dll
0x00007ff988200000 - 0x00007ff988227000 	C:\Windows\System32\bcrypt.dll
0x00007ff988eb0000 - 0x00007ff988eb8000 	C:\Windows\System32\PSAPI.DLL
0x00007ff97a660000 - 0x00007ff97a687000 	C:\Windows\SYSTEM32\WINMM.dll
0x00007ff97b220000 - 0x00007ff97b229000 	C:\Windows\SYSTEM32\WSOCK32.dll
0x00007ff97e9d0000 - 0x00007ff97e9da000 	C:\Windows\SYSTEM32\VERSION.dll
0x00007ff989000000 - 0x00007ff98906b000 	C:\Windows\System32\WS2_32.dll
0x00007ff985ef0000 - 0x00007ff985f02000 	C:\Windows\SYSTEM32\kernel.appcore.dll
0x00007ff9829e0000 - 0x00007ff9829ea000 	c:\Users\aluno.LABINFO\.vscode\extensions\redhat.java-1.4.0\jre\17.0.2-win32-x86_64\bin\jimage.dll
0x00007ff9852d0000 - 0x00007ff9854b4000 	C:\Windows\SYSTEM32\DBGHELP.DLL
0x00007ff974cc0000 - 0x00007ff974cf4000 	C:\Windows\SYSTEM32\dbgcore.DLL
0x00007ff987c00000 - 0x00007ff987c82000 	C:\Windows\System32\bcryptPrimitives.dll
0x00007ff9635e0000 - 0x00007ff963605000 	c:\Users\aluno.LABINFO\.vscode\extensions\redhat.java-1.4.0\jre\17.0.2-win32-x86_64\bin\java.dll
0x00007ff9635a0000 - 0x00007ff9635b8000 	c:\Users\aluno.LABINFO\.vscode\extensions\redhat.java-1.4.0\jre\17.0.2-win32-x86_64\bin\zip.dll
0x00007ff989120000 - 0x00007ff989865000 	C:\Windows\System32\SHELL32.dll
0x00007ff985740000 - 0x00007ff985edb000 	C:\Windows\SYSTEM32\windows.storage.dll
0x00007ff988280000 - 0x00007ff9885d4000 	C:\Windows\System32\combase.dll
0x00007ff987160000 - 0x00007ff98718d000 	C:\Windows\SYSTEM32\Wldp.dll
0x00007ff988c20000 - 0x00007ff988ccd000 	C:\Windows\System32\SHCORE.dll
0x00007ff98a0d0000 - 0x00007ff98a125000 	C:\Windows\System32\shlwapi.dll
0x00007ff987810000 - 0x00007ff987835000 	C:\Windows\SYSTEM32\profapi.dll
0x00007ff963040000 - 0x00007ff963059000 	C:\Users\aluno.LABINFO\.vscode\extensions\redhat.java-1.4.0\jre\17.0.2-win32-x86_64\bin\net.dll
0x00007ff982010000 - 0x00007ff98211a000 	C:\Windows\SYSTEM32\WINHTTP.dll
0x00007ff986f40000 - 0x00007ff986faa000 	C:\Windows\system32\mswsock.dll
0x00007ff962630000 - 0x00007ff962645000 	C:\Users\aluno.LABINFO\.vscode\extensions\redhat.java-1.4.0\jre\17.0.2-win32-x86_64\bin\nio.dll
0x00007ff9871a0000 - 0x00007ff9871b8000 	C:\Windows\SYSTEM32\CRYPTSP.dll
0x00007ff986890000 - 0x00007ff9868c4000 	C:\Windows\system32\rsaenh.dll
0x00007ff987790000 - 0x00007ff9877be000 	C:\Windows\SYSTEM32\USERENV.dll
0x00007ff9870d0000 - 0x00007ff9870dc000 	C:\Windows\SYSTEM32\CRYPTBASE.dll
0x00007ff986c50000 - 0x00007ff986c8b000 	C:\Windows\SYSTEM32\IPHLPAPI.DLL
0x00007ff988a80000 - 0x00007ff988a88000 	C:\Windows\System32\NSI.dll
0x00007ff981430000 - 0x00007ff981447000 	C:\Windows\SYSTEM32\dhcpcsvc6.DLL
0x00007ff981070000 - 0x00007ff98108d000 	C:\Windows\SYSTEM32\dhcpcsvc.DLL
0x00007ff986c90000 - 0x00007ff986d5a000 	C:\Windows\SYSTEM32\DNSAPI.dll
0x00007ff9602d0000 - 0x00007ff96030e000 	C:\Users\aluno.LABINFO\AppData\Roaming\Code\User\globalStorage\redhat.java\1.4.0\config_win\org.eclipse.equinox.launcher\org.eclipse.equinox.launcher.win32.win32.x86_64_1.2.400.v20211117-0650\eclipse_11602.dll
0x00007ff989870000 - 0x00007ff98999b000 	C:\Windows\System32\ole32.dll
0x00007ff982580000 - 0x00007ff982590000 	c:\Users\aluno.LABINFO\.vscode\extensions\redhat.java-1.4.0\jre\17.0.2-win32-x86_64\bin\verify.dll
0x00007ff9616d0000 - 0x00007ff9616e1000 	C:\Users\aluno.LABINFO\AppData\Roaming\Code\User\globalStorage\redhat.java\1.4.0\config_win\org.eclipse.osgi\22\0\.cp\jWinHttp-1.0.0.dll
0x00007ff9621b0000 - 0x00007ff9621d7000 	C:\Users\aluno.LABINFO\.gradle\native\c067742578af261105cb4f569cf0c3c89f3d7b1fecec35dd04571415982c5e48\windows-amd64\native-platform.dll
0x00007ff984b20000 - 0x00007ff984b29000 	C:\Users\aluno.LABINFO\.vscode\extensions\redhat.java-1.4.0\jre\17.0.2-win32-x86_64\bin\management.dll
0x00007ff982cf0000 - 0x00007ff982cfb000 	C:\Users\aluno.LABINFO\.vscode\extensions\redhat.java-1.4.0\jre\17.0.2-win32-x86_64\bin\management_ext.dll

dbghelp: loaded successfully - version: 4.0.5 - missing functions: none
symbol engine: initialized successfully - sym options: 0x614 - pdb path: .;c:\Users\aluno.LABINFO\.vscode\extensions\redhat.java-1.4.0\jre\17.0.2-win32-x86_64\bin;C:\Windows\SYSTEM32;C:\Windows\WinSxS\amd64_microsoft.windows.common-controls_6595b64144ccf1df_6.0.19041.3636_none_60b6a03d71f818d5;c:\Users\aluno.LABINFO\.vscode\extensions\redhat.java-1.4.0\jre\17.0.2-win32-x86_64\bin\server;C:\Users\aluno.LABINFO\AppData\Roaming\Code\User\globalStorage\redhat.java\1.4.0\config_win\org.eclipse.equinox.launcher\org.eclipse.equinox.launcher.win32.win32.x86_64_1.2.400.v20211117-0650;C:\Users\aluno.LABINFO\AppData\Roaming\Code\User\globalStorage\redhat.java\1.4.0\config_win\org.eclipse.osgi\22\0\.cp;C:\Users\aluno.LABINFO\.gradle\native\c067742578af261105cb4f569cf0c3c89f3d7b1fecec35dd04571415982c5e48\windows-amd64

VM Arguments:
jvm_args: --add-modules=ALL-SYSTEM --add-opens=java.base/java.util=ALL-UNNAMED --add-opens=java.base/java.lang=ALL-UNNAMED --add-opens=java.base/sun.nio.fs=ALL-UNNAMED -Declipse.application=org.eclipse.jdt.ls.core.id1 -Dosgi.bundles.defaultStartLevel=4 -Declipse.product=org.eclipse.jdt.ls.core.product -Djava.import.generatesMetadataFilesAtProjectRoot=false -Dfile.encoding=utf8 -DwatchParentProcess=false -XX:+UseParallelGC -XX:GCTimeRatio=4 -XX:AdaptiveSizePolicyWeight=90 -Dsun.zip.disableMemoryMapping=true -Xmx1G -Xms100m -XX:+HeapDumpOnOutOfMemoryError -XX:HeapDumpPath=c:\Users\aluno.LABINFO\AppData\Roaming\Code\User\workspaceStorage\43cabb3298b37fecf175e87d7cf6c563\redhat.java 
java_command: c:\Users\aluno.LABINFO\.vscode\extensions\redhat.java-1.4.0\server\plugins\org.eclipse.equinox.launcher_1.6.400.v20210924-0641.jar -configuration c:\Users\aluno.LABINFO\AppData\Roaming\Code\User\globalStorage\redhat.java\1.4.0\config_win -data c:\Users\aluno.LABINFO\AppData\Roaming\Code\User\workspaceStorage\43cabb3298b37fecf175e87d7cf6c563\redhat.java\jdt_ws
java_class_path (initial): c:\Users\aluno.LABINFO\.vscode\extensions\redhat.java-1.4.0\server\plugins\org.eclipse.equinox.launcher_1.6.400.v20210924-0641.jar
Launcher Type: SUN_STANDARD

[Global flags]
    uintx AdaptiveSizePolicyWeight                 = 90                                        {product} {command line}
     intx CICompilerCount                          = 4                                         {product} {ergonomic}
    uintx GCTimeRatio                              = 4                                         {product} {command line}
     bool HeapDumpOnOutOfMemoryError               = true                                   {manageable} {command line}
    ccstr HeapDumpPath                             = c:\Users\aluno.LABINFO\AppData\Roaming\Code\User\workspaceStorage\43cabb3298b37fecf175e87d7cf6c563\redhat.java         {manageable} {command line}
   size_t InitialHeapSize                          = 104857600                                 {product} {command line}
   size_t MaxHeapSize                              = 1073741824                                {product} {command line}
   size_t MaxNewSize                               = 357564416                                 {product} {ergonomic}
   size_t MinHeapDeltaBytes                        = 524288                                    {product} {ergonomic}
   size_t MinHeapSize                              = 104857600                                 {product} {command line}
   size_t NewSize                                  = 34603008                                  {product} {ergonomic}
    uintx NonNMethodCodeHeapSize                   = 5839372                                {pd product} {ergonomic}
    uintx NonProfiledCodeHeapSize                  = 122909434                              {pd product} {ergonomic}
   size_t OldSize                                  = 70254592                                  {product} {ergonomic}
    uintx ProfiledCodeHeapSize                     = 122909434                              {pd product} {ergonomic}
    uintx ReservedCodeCacheSize                    = 251658240                              {pd product} {ergonomic}
     bool SegmentedCodeCache                       = true                                      {product} {ergonomic}
   size_t SoftMaxHeapSize                          = 1073741824                             {manageable} {ergonomic}
     bool UseCompressedClassPointers               = true                           {product lp64_product} {ergonomic}
     bool UseCompressedOops                        = true                           {product lp64_product} {ergonomic}
     bool UseLargePagesIndividualAllocation        = false                                  {pd product} {ergonomic}
     bool UseParallelGC                            = true                                      {product} {command line}

Logging:
Log output configuration:
 #0: stdout all=warning uptime,level,tags
 #1: stderr all=off uptime,level,tags

Environment Variables:
JAVA_HOME=C:\Program Files\Java\jdk-17.0.2
CLASSPATH=C:\LINGO20\Lingo20.jar
PATH=C:\Program Files (x86)\VMware\VMware Player\bin\;C:\Program Files\Microsoft MPI\Bin\;C:\Python310\Scripts\;C:\Python310\;C:\Program Files\Common Files\Oracle\Java\javapath;C:\Program Files (x86)\Common Files\Oracle\Java\javapath;C:\Windows\system32;C:\Windows;C:\Windows\System32\Wbem;C:\Windows\System32\WindowsPowerShell\v1.0\;C:\Windows\System32\OpenSSH\;C:\Program Files\MATLAB\R2016b\bin;C:\Program Files\Microsoft VS Code\bin;C:\Program Files\nodejs\;C:\ProgramData\chocolatey\bin;C:\ProgramData\UNIVALI\Portugol Studio;C:\Program Files (x86)\Microsoft SQL Server\150\DTS\Binn\;C:\Program Files\Azure Data Studio\bin;C:\Program Files\Microsoft SQL Server\120\Tools\Binn\;C:\Program Files (x86)\Windows Kits\8.1\Windows Performance Toolkit\;C:\Program Files (x86)\Common Files\EpsonRC\exe;C:\Program Files (x86)\Microsoft SQL Server\160\Tools\Binn\;C:\Program Files\Microsoft SQL Server\160\Tools\Binn\;C:\Program Files\Microsoft SQL Server\Client SDK\ODBC\170\Tools\Binn\;C:\Program Files\Microsoft SQL Server\160\DTS\Binn\;C:\Program Files (x86)\dotnet\;C:\Program Files (x86)\CODESYS\APInstaller\;C:\LINGO20\;C:\Program Files\Docker\Docker\resources\bin;C:\Program Files\Git\cmd;C:\Program Files\dotnet\;C:\Users\aluno.LABINFO\AppData\Local\Microsoft\WindowsApps;C:\Users\aluno.LABINFO\AppData\Local\GitHubDesktop\bin
USERNAME=aluno
OS=Windows_NT
PROCESSOR_IDENTIFIER=Intel64 Family 6 Model 140 Stepping 1, GenuineIntel



---------------  S Y S T E M  ---------------

OS:
 Windows 10 , 64 bit Build 19041 (10.0.19041.3636)
OS uptime: 10 days 5:09 hours
Hyper-V role detected

CPU: total 8 (initial active 8) (4 cores per cpu, 2 threads per core) family 6 model 140 stepping 1 microcode 0x8a, cx8, cmov, fxsr, ht, mmx, 3dnowpref, sse, sse2, sse3, ssse3, sse4.1, sse4.2, popcnt, lzcnt, tsc, tscinvbit, avx, avx2, aes, erms, clmul, bmi1, bmi2, adx, avx512f, avx512dq, avx512cd, avx512bw, avx512vl, sha, fma, vzeroupper, avx512_vpopcntdq, avx512_vpclmulqdq, avx512_vaes, avx512_vnni, clflush, clflushopt, clwb, avx512_vbmi2, avx512_vbmi, hv

Memory: 4k page, system-wide physical 7991M (417M free)
TotalPageFile size 11991M (AvailPageFile size 105M)
current process WorkingSet (physical memory assigned to process): 330M, peak: 330M
current process commit charge ("private bytes"): 370M, peak: 372M

vm_info: OpenJDK 64-Bit Server VM (17.0.2+8) for windows-amd64 JRE (17.0.2+8), built on Jan 20 2022 04:52:34 by "" with MS VC++ 16.7 (VS2019)

END.
